#
# A fatal error has been detected by the Java Runtime Environment:
#
#  EXCEPTION_ACCESS_VIOLATION (0xc0000005) at pc=0x0000000069c3b9c9, pid=12132, tid=2812
#
# JRE version: Java(TM) SE Runtime Environment (8.0_77-b03) (build 1.8.0_77-b03)
# Java VM: Java HotSpot(TM) 64-Bit Server VM (25.77-b03 mixed mode windows-amd64 compressed oops)
# Problematic frame:
# V  [jvm.dll+0x3eb9c9]
#
# Failed to write core dump. Minidumps are not enabled by default on client versions of Windows
#
# If you would like to submit a bug report, please visit:
#   http://bugreport.java.com/bugreport/crash.jsp
#

---------------  T H R E A D  ---------------

Current thread (0x00000000021f3000):  GCTaskThread [stack: 0x0000000012600000,0x0000000012700000] [id=2812]

siginfo: ExceptionCode=0xc0000005, reading address 0xffffffffffffffff

Registers:
RAX=0x0000000054f12238, RBX=0x0000000011d1d6db, RCX=0x0000000014e668f0, RDX=0x00000000568a0840
RSP=0x00000000126ff4d0, RBP=0x0000000011d1d701, RSI=0x00000000c3adb600, RDI=0x00000000c3ad64e0
R8 =0x00000000c3ad64e0, R9 =0x0000000014e668f0, R10=0x000000000000000c, R11=0x000000000000000c
R12=0x0000000011d1d6b1, R13=0x00000000568a0840, R14=0x00000000021eb300, R15=0x000000000000000c
RIP=0x0000000069c3b9c9, EFLAGS=0x0000000000010a83

Top of Stack: (sp=0x00000000126ff4d0)
0x00000000126ff4d0:   0000000011d1d6db 0000000011d1d701
0x00000000126ff4e0:   00000000c3adb600 00000000c3a5fb75
0x00000000126ff4f0:   0000000011d1d400 0000000011d1eeeb
0x00000000126ff500:   0000000000000400 0000000000000280
0x00000000126ff510:   00000000021d9bc0 00000000021e76e0
0x00000000126ff520:   0000000069e9be48 0000000000000000
0x00000000126ff530:   0000000000000000 000000000222a570
0x00000000126ff540:   00000000021f3620 00000000021f3610
0x00000000126ff550:   00000000568a0840 0000000069c4e2f2
0x00000000126ff560:   0000000011d1d6b0 00000000021eb4c0
0x00000000126ff570:   00000000c3ae0028 00000000c3ddd518
0x00000000126ff580:   00000000568a0840 0000000000000005
0x00000000126ff590:   0000000000000008 00000000021e82b0
0x00000000126ff5a0:   000000000222a570 0000000069c3d37e
0x00000000126ff5b0:   00000000021f3000 0000000000000000
0x00000000126ff5c0:   0000000000000000 0000000000000000 

Instructions: (pc=0x0000000069c3b9c9)
0x0000000069c3b9a9:   db ad 3a 00 eb 04 4c 8b 4f 08 41 81 79 08 00 00
0x0000000069c3b9b9:   00 c0 73 12 49 8b 01 4c 8b c7 49 8b d5 49 8b c9
0x0000000069c3b9c9:   ff 90 20 01 00 00 80 3d eb 58 41 00 00 74 16 44
0x0000000069c3b9d9:   8b 47 08 8b 0d ae ad 3a 00 49 d3 e0 4c 03 05 9c 


Register to memory mapping:

RAX={method} {0x0000000054f12240} 'isEmpty' '()Z' in 'java/util/Vector'
RBX=0x0000000011d1d6db is an unknown value
RCX=0x0000000014e668f0 is pointing into metadata
RDX=0x00000000568a0840 is an unknown value
RSP=0x00000000126ff4d0 is an unknown value
RBP=0x0000000011d1d701 is an unknown value
RSI=0x00000000c3adb600 is an oop
java.lang.String 
 - klass: 'java/lang/String'
RDI=0x00000000c3ad64e0 is an oop

[error occurred during error reporting (printing register info), id 0xc0000005]

Stack: [0x0000000012600000,0x0000000012700000],  sp=0x00000000126ff4d0,  free space=1021k
Native frames: (J=compiled Java code, j=interpreted, Vv=VM code, C=native code)
V  [jvm.dll+0x3eb9c9]
V  [jvm.dll+0x3fe2f2]
V  [jvm.dll+0x3ed37e]
V  [jvm.dll+0x29a27a]
C  [msvcr100.dll+0x21d9f]
C  [msvcr100.dll+0x21e3b]
C  [kernel32.dll+0x159ed]
C  [ntdll.dll+0x2b371]


---------------  P R O C E S S  ---------------

Java Threads: ( => current thread )
  0x0000000059319800 JavaThread "pool-22-thread-8" [_thread_blocked, id=9136, stack(0x000000006bbb0000,0x000000006bcb0000)]
  0x0000000059319000 JavaThread "pool-22-thread-7" [_thread_blocked, id=12168, stack(0x000000006bab0000,0x000000006bbb0000)]
  0x0000000059316800 JavaThread "pool-22-thread-6" [_thread_blocked, id=5564, stack(0x000000006a580000,0x000000006a680000)]
  0x0000000059316000 JavaThread "pool-22-thread-5" [_thread_blocked, id=13812, stack(0x0000000069500000,0x0000000069600000)]
  0x000000006082a000 JavaThread "pool-22-thread-4" [_thread_blocked, id=8584, stack(0x0000000069310000,0x0000000069410000)]
  0x000000006082b000 JavaThread "pool-22-thread-3" [_thread_blocked, id=12016, stack(0x0000000069180000,0x0000000069280000)]
  0x000000006082d000 JavaThread "pool-22-thread-2" [_thread_blocked, id=10608, stack(0x00000000645e0000,0x00000000646e0000)]
  0x0000000060829800 JavaThread "pool-22-thread-1" [_thread_blocked, id=13600, stack(0x000000005b090000,0x000000005b190000)]
  0x000000005a3ff000 JavaThread "Stdin handler" [_thread_blocked, id=7640, stack(0x0000000061820000,0x0000000061920000)]
  0x000000005a400000 JavaThread "Cancel handler" [_thread_blocked, id=6120, stack(0x000000005a970000,0x000000005aa70000)]
  0x000000005a3fa800 JavaThread "Handler for socket connection from /127.0.0.1:12531 to /127.0.0.1:62790" [_thread_in_native, id=1812, stack(0x00000000623a0000,0x00000000624a0000)]
  0x000000005a3fc000 JavaThread "Daemon worker Thread 30" [_thread_blocked, id=10128, stack(0x000000005af00000,0x000000005b000000)]
  0x000000005a3fb800 JavaThread "Daemon Thread 30" [_thread_blocked, id=12092, stack(0x000000005aaa0000,0x000000005aba0000)]
  0x00000000607a0800 JavaThread "pool-15-thread-4" [_thread_blocked, id=14000, stack(0x000000006a480000,0x000000006a580000)]
  0x000000006079f800 JavaThread "pool-15-thread-3" [_thread_blocked, id=13044, stack(0x000000006a120000,0x000000006a220000)]
  0x000000006079f000 JavaThread "pool-15-thread-2" [_thread_blocked, id=12748, stack(0x000000006a260000,0x000000006a360000)]
  0x000000006079e000 JavaThread "pool-15-thread-1" [_thread_blocked, id=5876, stack(0x0000000069690000,0x0000000069790000)]
  0x000000005e572000 JavaThread "pool-5-thread-3" [_thread_blocked, id=5776, stack(0x0000000065fc0000,0x00000000660c0000)]
  0x000000005e570800 JavaThread "pool-5-thread-4" [_thread_blocked, id=8508, stack(0x0000000065e60000,0x0000000065f60000)]
  0x000000005e572800 JavaThread "pool-5-thread-2" [_thread_blocked, id=12304, stack(0x000000005ade0000,0x000000005aee0000)]
  0x000000005e571000 JavaThread "pool-5-thread-1" [_thread_blocked, id=9228, stack(0x0000000064070000,0x0000000064170000)]
  0x000000005baa8000 JavaThread "File lock request listener" [_thread_in_native, id=11664, stack(0x000000005c8b0000,0x000000005c9b0000)]
  0x0000000059cd4000 JavaThread "Incoming local TCP Connector on port 12531" [_thread_in_native, id=11652, stack(0x000000005a620000,0x000000005a720000)]
  0x00000000569a2000 JavaThread "Service Thread" daemon [_thread_blocked, id=12940, stack(0x00000000588a0000,0x00000000589a0000)]
  0x000000005691e000 JavaThread "C1 CompilerThread3" daemon [_thread_blocked, id=2436, stack(0x00000000586a0000,0x00000000587a0000)]
  0x0000000056903800 JavaThread "C2 CompilerThread2" daemon [_thread_blocked, id=9264, stack(0x00000000584e0000,0x00000000585e0000)]
  0x00000000568fd800 JavaThread "C2 CompilerThread1" daemon [_thread_blocked, id=12068, stack(0x0000000058280000,0x0000000058380000)]
  0x00000000568f6000 JavaThread "C2 CompilerThread0" daemon [_thread_blocked, id=10056, stack(0x0000000058380000,0x0000000058480000)]
  0x00000000568f5000 JavaThread "Attach Listener" daemon [_thread_blocked, id=11836, stack(0x00000000580f0000,0x00000000581f0000)]
  0x00000000568f4000 JavaThread "Signal Dispatcher" daemon [_thread_blocked, id=9312, stack(0x0000000057f00000,0x0000000058000000)]
  0x0000000055843000 JavaThread "Finalizer" daemon [_thread_blocked, id=12416, stack(0x0000000057d10000,0x0000000057e10000)]
  0x000000005583c000 JavaThread "Reference Handler" daemon [_thread_blocked, id=9880, stack(0x0000000057b20000,0x0000000057c20000)]
  0x00000000001ff000 JavaThread "main" [_thread_blocked, id=4816, stack(0x0000000002570000,0x0000000002670000)]

Other Threads:
  0x0000000055833000 VMThread [stack: 0x0000000057910000,0x0000000057a10000] [id=7576]
  0x00000000569b8000 WatcherThread [stack: 0x0000000058a80000,0x0000000058b80000] [id=9332]

=>0x00000000021f3000 (exited) GCTaskThread [stack: 0x0000000012600000,0x0000000012700000] [id=2812]

VM state:at safepoint (normal execution)

VM Mutex/Monitor currently owned by a thread:  ([mutex/lock_event])
[0x00000000021d89c0] Threads_lock - owner thread: 0x0000000055833000
[0x00000000021d8ec0] Heap_lock - owner thread: 0x000000005a3fc000

Heap:
 PSYoungGen      total 220672K, used 220643K [0x00000000eab00000, 0x00000000fb080000, 0x0000000100000000)
  eden space 196608K, 100% used [0x00000000eab00000,0x00000000f6b00000,0x00000000f6b00000)
  from space 24064K, 99% used [0x00000000f6b00000,0x00000000f8278e98,0x00000000f8280000)
  to   space 29696K, 86% used [0x00000000f9380000,0x00000000fac74ea8,0x00000000fb080000)
 ParOldGen       total 204800K, used 63357K [0x00000000c0000000, 0x00000000cc800000, 0x00000000eab00000)
  object space 204800K, 30% used [0x00000000c0000000,0x00000000c3ddf518,0x00000000cc800000)
 Metaspace       used 98157K, capacity 105456K, committed 113536K, reserved 1148928K
  class space    used 12189K, capacity 12823K, committed 14720K, reserved 1048576K

Card table byte_map: [0x0000000011d00000,0x0000000011f10000] byte_map_base: 0x0000000011700000

Marking Bits: (ParMarkBitMap*) 0x000000006a060600
 Begin Bits: [0x0000000012c50000, 0x0000000013c50000)
 End Bits:   [0x0000000013c50000, 0x0000000014c50000)

Polling page: 0x0000000000250000

CodeCache: size=245760Kb used=87717Kb max_used=87722Kb free=158042Kb
 bounds [0x0000000002940000, 0x0000000007fb0000, 0x0000000011940000]
 total_blobs=22690 nmethods=21876 adapters=723
 compilation: enabled

Compilation events (10 events):
Event: 15894.765 Thread 0x0000000056903800 29605       4       com.sun.tools.javac.jvm.Gen::normalizeDefs (652 bytes)
Event: 15894.765 Thread 0x00000000568f6000 29606       4       com.sun.tools.javac.util.ListBuffer$1::hasNext (16 bytes)
Event: 15894.766 Thread 0x00000000568f6000 nmethod 29606 0x0000000006bbde10 code [0x0000000006bbdf60, 0x0000000006bbdff8]
Event: 15894.803 Thread 0x00000000568f6000 29607       4       com.google.common.cache.LocalCache$Segment::expireEntries (113 bytes)
Event: 15894.819 Thread 0x00000000568f6000 nmethod 29607 0x00000000040ab750 code [0x00000000040ab960, 0x00000000040ac208]
Event: 15894.829 Thread 0x00000000568fd800 nmethod 29602 0x0000000007f9af10 code [0x0000000007f9b440, 0x0000000007f9f518]
Event: 15894.884 Thread 0x0000000056903800 nmethod 29605 0x0000000007fa5910 code [0x0000000007fa5f80, 0x0000000007fa8e10]
Event: 15894.945 Thread 0x00000000568f6000 29608   !   4       com.google.common.cache.LocalCache$Segment::put (419 bytes)
Event: 15894.949 Thread 0x000000005691e000 29609       3       com.android.builder.core.VariantConfiguration::getExternalPackagedJars (202 bytes)
Event: 15894.950 Thread 0x000000005691e000 nmethod 29609 0x000000000501fed0 code [0x0000000005020240, 0x0000000005021bd8]

GC Heap History (10 events):
Event: 15879.489 GC heap after
Heap after GC invocations=119 (full 27):
 PSYoungGen      total 211968K, used 8416K [0x00000000eab00000, 0x00000000f9c00000, 0x0000000100000000)
  eden space 185344K, 0% used [0x00000000eab00000,0x00000000eab00000,0x00000000f6000000)
  from space 26624K, 31% used [0x00000000f7880000,0x00000000f80b8090,0x00000000f9280000)
  to   space 25088K, 0% used [0x00000000f6000000,0x00000000f6000000,0x00000000f7880000)
 ParOldGen       total 204800K, used 90321K [0x00000000c0000000, 0x00000000cc800000, 0x00000000eab00000)
  object space 204800K, 44% used [0x00000000c0000000,0x00000000c5834448,0x00000000cc800000)
 Metaspace       used 100618K, capacity 110018K, committed 113536K, reserved 1148928K
  class space    used 12760K, capacity 13905K, committed 14720K, reserved 1048576K
}
Event: 15881.502 GC heap before
{Heap before GC invocations=120 (full 27):
 PSYoungGen      total 211968K, used 111929K [0x00000000eab00000, 0x00000000f9c00000, 0x0000000100000000)
  eden space 185344K, 55% used [0x00000000eab00000,0x00000000f1016568,0x00000000f6000000)
  from space 26624K, 31% used [0x00000000f7880000,0x00000000f80b8090,0x00000000f9280000)
  to   space 25088K, 0% used [0x00000000f6000000,0x00000000f6000000,0x00000000f7880000)
 ParOldGen       total 204800K, used 90321K [0x00000000c0000000, 0x00000000cc800000, 0x00000000eab00000)
  object space 204800K, 44% used [0x00000000c0000000,0x00000000c5834448,0x00000000cc800000)
 Metaspace       used 100660K, capacity 110088K, committed 113536K, reserved 1148928K
  class space    used 12760K, capacity 13906K, committed 14720K, reserved 1048576K
Event: 15881.506 GC heap after
Heap after GC invocations=120 (full 27):
 PSYoungGen      total 210432K, used 3379K [0x00000000eab00000, 0x00000000f9b00000, 0x0000000100000000)
  eden space 185344K, 0% used [0x00000000eab00000,0x00000000eab00000,0x00000000f6000000)
  from space 25088K, 13% used [0x00000000f6000000,0x00000000f634ce90,0x00000000f7880000)
  to   space 24576K, 0% used [0x00000000f8300000,0x00000000f8300000,0x00000000f9b00000)
 ParOldGen       total 204800K, used 90329K [0x00000000c0000000, 0x00000000cc800000, 0x00000000eab00000)
  object space 204800K, 44% used [0x00000000c0000000,0x00000000c5836448,0x00000000cc800000)
 Metaspace       used 100660K, capacity 110088K, committed 113536K, reserved 1148928K
  class space    used 12760K, capacity 13906K, committed 14720K, reserved 1048576K
}
Event: 15881.506 GC heap before
{Heap before GC invocations=121 (full 28):
 PSYoungGen      total 210432K, used 3379K [0x00000000eab00000, 0x00000000f9b00000, 0x0000000100000000)
  eden space 185344K, 0% used [0x00000000eab00000,0x00000000eab00000,0x00000000f6000000)
  from space 25088K, 13% used [0x00000000f6000000,0x00000000f634ce90,0x00000000f7880000)
  to   space 24576K, 0% used [0x00000000f8300000,0x00000000f8300000,0x00000000f9b00000)
 ParOldGen       total 204800K, used 90329K [0x00000000c0000000, 0x00000000cc800000, 0x00000000eab00000)
  object space 204800K, 44% used [0x00000000c0000000,0x00000000c5836448,0x00000000cc800000)
 Metaspace       used 100660K, capacity 110088K, committed 113536K, reserved 1148928K
  class space    used 12760K, capacity 13906K, committed 14720K, reserved 1048576K
Event: 15881.784 GC heap after
Heap after GC invocations=121 (full 28):
 PSYoungGen      total 210432K, used 0K [0x00000000eab00000, 0x00000000f9b00000, 0x0000000100000000)
  eden space 185344K, 0% used [0x00000000eab00000,0x00000000eab00000,0x00000000f6000000)
  from space 25088K, 0% used [0x00000000f6000000,0x00000000f6000000,0x00000000f7880000)
  to   space 24576K, 0% used [0x00000000f8300000,0x00000000f8300000,0x00000000f9b00000)
 ParOldGen       total 204800K, used 58898K [0x00000000c0000000, 0x00000000cc800000, 0x00000000eab00000)
  object space 204800K, 28% used [0x00000000c0000000,0x00000000c3984ab8,0x00000000cc800000)
 Metaspace       used 97570K, capacity 104238K, committed 113536K, reserved 1148928K
  class space    used 12042K, capacity 12572K, committed 14720K, reserved 1048576K
}
Event: 15890.884 GC heap before
{Heap before GC invocations=122 (full 28):
 PSYoungGen      total 210432K, used 185344K [0x00000000eab00000, 0x00000000f9b00000, 0x0000000100000000)
  eden space 185344K, 100% used [0x00000000eab00000,0x00000000f6000000,0x00000000f6000000)
  from space 25088K, 0% used [0x00000000f6000000,0x00000000f6000000,0x00000000f7880000)
  to   space 24576K, 0% used [0x00000000f8300000,0x00000000f8300000,0x00000000f9b00000)
 ParOldGen       total 204800K, used 58898K [0x00000000c0000000, 0x00000000cc800000, 0x00000000eab00000)
  object space 204800K, 28% used [0x00000000c0000000,0x00000000c3984ab8,0x00000000cc800000)
 Metaspace       used 97899K, capacity 104856K, committed 113536K, reserved 1148928K
  class space    used 12123K, capacity 12695K, committed 14720K, reserved 1048576K
Event: 15890.911 GC heap after
Heap after GC invocations=122 (full 28):
 PSYoungGen      total 220160K, used 11808K [0x00000000eab00000, 0x00000000f9a00000, 0x0000000100000000)
  eden space 196608K, 0% used [0x00000000eab00000,0x00000000eab00000,0x00000000f6b00000)
  from space 23552K, 50% used [0x00000000f8300000,0x00000000f8e88000,0x00000000f9a00000)
  to   space 24064K, 0% used [0x00000000f6b00000,0x00000000f6b00000,0x00000000f8280000)
 ParOldGen       total 204800K, used 58898K [0x00000000c0000000, 0x00000000cc800000, 0x00000000eab00000)
  object space 204800K, 28% used [0x00000000c0000000,0x00000000c3984ab8,0x00000000cc800000)
 Metaspace       used 97899K, capacity 104856K, committed 113536K, reserved 1148928K
  class space    used 12123K, capacity 12695K, committed 14720K, reserved 1048576K
}
Event: 15893.233 GC heap before
{Heap before GC invocations=123 (full 28):
 PSYoungGen      total 220160K, used 208416K [0x00000000eab00000, 0x00000000f9a00000, 0x0000000100000000)
  eden space 196608K, 100% used [0x00000000eab00000,0x00000000f6b00000,0x00000000f6b00000)
  from space 23552K, 50% used [0x00000000f8300000,0x00000000f8e88000,0x00000000f9a00000)
  to   space 24064K, 0% used [0x00000000f6b00000,0x00000000f6b00000,0x00000000f8280000)
 ParOldGen       total 204800K, used 58898K [0x00000000c0000000, 0x00000000cc800000, 0x00000000eab00000)
  object space 204800K, 28% used [0x00000000c0000000,0x00000000c3984ab8,0x00000000cc800000)
 Metaspace       used 98038K, capacity 105124K, committed 113536K, reserved 1148928K
  class space    used 12170K, capacity 12789K, committed 14720K, reserved 1048576K
Event: 15893.252 GC heap after
Heap after GC invocations=123 (full 28):
 PSYoungGen      total 220672K, used 24035K [0x00000000eab00000, 0x00000000fb080000, 0x0000000100000000)
  eden space 196608K, 0% used [0x00000000eab00000,0x00000000eab00000,0x00000000f6b00000)
  from space 24064K, 99% used [0x00000000f6b00000,0x00000000f8278e98,0x00000000f8280000)
  to   space 29696K, 0% used [0x00000000f9380000,0x00000000f9380000,0x00000000fb080000)
 ParOldGen       total 204800K, used 63349K [0x00000000c0000000, 0x00000000cc800000, 0x00000000eab00000)
  object space 204800K, 30% used [0x00000000c0000000,0x00000000c3ddd518,0x00000000cc800000)
 Metaspace       used 98038K, capacity 105124K, committed 113536K, reserved 1148928K
  class space    used 12170K, capacity 12789K, committed 14720K, reserved 1048576K
}
Event: 15894.961 GC heap before
{Heap before GC invocations=124 (full 28):
 PSYoungGen      total 220672K, used 220643K [0x00000000eab00000, 0x00000000fb080000, 0x0000000100000000)
  eden space 196608K, 100% used [0x00000000eab00000,0x00000000f6b00000,0x00000000f6b00000)
  from space 24064K, 99% used [0x00000000f6b00000,0x00000000f8278e98,0x00000000f8280000)
  to   space 29696K, 0% used [0x00000000f9380000,0x00000000f9380000,0x00000000fb080000)
 ParOldGen       total 204800K, used 63349K [0x00000000c0000000, 0x00000000cc800000, 0x00000000eab00000)
  object space 204800K, 30% used [0x00000000c0000000,0x00000000c3ddd518,0x00000000cc800000)
 Metaspace       used 98157K, capacity 105456K, committed 113536K, reserved 1148928K
  class space    used 12189K, capacity 12823K, committed 14720K, reserved 1048576K

Deoptimization events (10 events):
Event: 15878.857 Thread 0x000000005a3fc000 Uncommon trap: reason=class_check action=maybe_recompile pc=0x00000000075af624 method=com.android.utils.XmlUtils.append(Lcom/android/utils/XmlUtils$PositionAwareStringBuilder;Lorg/w3c/dom/Node;Ljava/util/Map;)V @ 171
Event: 15878.857 Thread 0x000000005a3fc000 Uncommon trap: reason=bimorphic action=maybe_recompile pc=0x00000000075afb14 method=com.android.utils.XmlUtils.append(Lcom/android/utils/XmlUtils$PositionAwareStringBuilder;Lorg/w3c/dom/Node;Ljava/util/Map;)V @ 230
Event: 15878.857 Thread 0x000000005a3fc000 Uncommon trap: reason=class_check action=maybe_recompile pc=0x00000000075af624 method=com.android.utils.XmlUtils.append(Lcom/android/utils/XmlUtils$PositionAwareStringBuilder;Lorg/w3c/dom/Node;Ljava/util/Map;)V @ 171
Event: 15878.857 Thread 0x000000005a3fc000 Uncommon trap: reason=class_check action=maybe_recompile pc=0x00000000075af634 method=com.android.utils.XmlUtils.append(Lcom/android/utils/XmlUtils$PositionAwareStringBuilder;Lorg/w3c/dom/Node;Ljava/util/Map;)V @ 150
Event: 15878.857 Thread 0x000000005a3fc000 Uncommon trap: reason=class_check action=maybe_recompile pc=0x00000000075af624 method=com.android.utils.XmlUtils.append(Lcom/android/utils/XmlUtils$PositionAwareStringBuilder;Lorg/w3c/dom/Node;Ljava/util/Map;)V @ 171
Event: 15879.700 Thread 0x000000005a3fc000 Uncommon trap: reason=class_check action=maybe_recompile pc=0x000000000615d748 method=com.sun.tools.javac.comp.Check.checkType(Lcom/sun/tools/javac/util/JCDiagnostic$DiagnosticPosition;Lcom/sun/tools/javac/code/Type;Lcom/sun/tools/javac/code/Type;Lcom/sun/˛ÑLêH	œ@
Event: 15890.567 Thread 0x000000005a3fc000 Uncommon trap: reason=null_check action=make_not_entrant pc=0x0000000004581860 method=org.codehaus.groovy.reflection.CachedClass.<init>(Ljava/lang/Class;Lorg/codehaus/groovy/reflection/ClassInfo;)V @ 165
Event: 15890.711 Thread 0x000000005a3fc000 Uncommon trap: reason=null_check action=make_not_entrant pc=0x00000000072d351c method=org.gradle.api.plugins.JavaPluginConvention.$getCallSiteArray()[Lorg/codehaus/groovy/runtime/callsite/CallSite; @ 12
Event: 15894.480 Thread 0x000000005a3fc000 Uncommon trap: reason=unstable_if action=reinterpret pc=0x0000000002e27374 method=com.google.common.collect.MapMakerInternalMap$Segment.put(Ljava/lang/Object;ILjava/lang/Object;Z)Ljava/lang/Object; @ 92
Event: 15894.608 Thread 0x000000005a3fc000 Uncommon trap: reason=array_check action=maybe_recompile pc=0x0000000007889db8 method=java.util.ComparableTimSort.mergeLo(IIII)V @ 133

Internal exceptions (10 events):
Event: 15890.463 Thread 0x000000005a3fa800 Exception <a 'java/lang/NoSuchMethodError': <clinit>> (0x00000000eaf73098) thrown at [D:\re\workspace\8-2-build-windows-amd64-cygwin\jdk8u77\6540\hotspot\src\share\vm\prims\jni.cpp, line 1591]
Event: 15890.465 Thread 0x000000005a3fa800 Exception <a 'java/lang/NoSuchMethodError': <clinit>> (0x00000000eaf9f890) thrown at [D:\re\workspace\8-2-build-windows-amd64-cygwin\jdk8u77\6540\hotspot\src\share\vm\prims\jni.cpp, line 1591]
Event: 15890.465 Thread 0x000000005a3fa800 Exception <a 'java/lang/NoSuchMethodError': <clinit>> (0x00000000eafa9020) thrown at [D:\re\workspace\8-2-build-windows-amd64-cygwin\jdk8u77\6540\hotspot\src\share\vm\prims\jni.cpp, line 1591]
Event: 15890.466 Thread 0x000000005a3fa800 Exception <a 'java/lang/NoSuchMethodError': <clinit>> (0x00000000eafce8a8) thrown at [D:\re\workspace\8-2-build-windows-amd64-cygwin\jdk8u77\6540\hotspot\src\share\vm\prims\jni.cpp, line 1591]
Event: 15890.469 Thread 0x000000005a3fc000 Exception <a 'java/lang/NoSuchMethodError': <clinit>> (0x00000000eab0b070) thrown at [D:\re\workspace\8-2-build-windows-amd64-cygwin\jdk8u77\6540\hotspot\src\share\vm\prims\jni.cpp, line 1591]
Event: 15890.469 Thread 0x000000005a3fc000 Exception <a 'java/lang/NoSuchMethodError': <clinit>> (0x00000000eab130f8) thrown at [D:\re\workspace\8-2-build-windows-amd64-cygwin\jdk8u77\6540\hotspot\src\share\vm\prims\jni.cpp, line 1591]
Event: 15890.518 Thread 0x000000005a3fc000 Exception <a 'java/lang/ClassNotFoundException': asLocalRepo258_dt5go6f2u2k3aeqlk033eweknBeanInfo> (0x00000000ebae5088) thrown at [D:\re\workspace\8-2-build-windows-amd64-cygwin\jdk8u77\6540\hotspot\src\share\vm\classfile\systemDictionary.cpp, line 210]
Event: 15890.518 Thread 0x000000005a3fc000 Exception <a 'java/lang/ClassNotFoundException': asLocalRepo258_dt5go6f2u2k3aeqlk033eweknCustomizer> (0x00000000ebaee330) thrown at [D:\re\workspace\8-2-build-windows-amd64-cygwin\jdk8u77\6540\hotspot\src\share\vm\classfile\systemDictionary.cpp, line 210]
Event: 15890.711 Thread 0x000000005a3fc000 Implicit null exception at 0x00000000072d34da to 0x00000000072d3511
Event: 15890.775 Thread 0x000000005a3fc000 Exception <a 'java/lang/ClassNotFoundException': groovy/runtime/metaclass/[Ljava/lang/String;MetaClass> (0x00000000f2e98e98) thrown at [D:\re\workspace\8-2-build-windows-amd64-cygwin\jdk8u77\6540\hotspot\src\share\vm\prims\jni.cpp, line 735]

Events (10 events):
Event: 15894.642 Thread 0x000000005a3fc000 DEOPT UNPACKING pc=0x000000000298787f sp=0x000000005affb118 mode 0
Event: 15894.644 Executing VM operation: ForceSafepoint
Event: 15894.644 Executing VM operation: ForceSafepoint done
Event: 15894.652 Executing VM operation: ForceSafepoint
Event: 15894.653 Executing VM operation: ForceSafepoint done
Event: 15894.662 Executing VM operation: ForceSafepoint
Event: 15894.663 Executing VM operation: ForceSafepoint done
Event: 15894.668 Executing VM operation: ForceSafepoint
Event: 15894.669 Executing VM operation: ForceSafepoint done
Event: 15894.961 Executing VM operation: ParallelGCFailedAllocation


Dynamic libraries:
0x000000013fe00000 - 0x000000013fe37000 	D:\ProgramFiles\Java\jdk1.8.0_77\bin\java.exe
0x0000000077a60000 - 0x0000000077c0a000 	C:\Windows\SYSTEM32\ntdll.dll
0x0000000077840000 - 0x000000007795f000 	C:\Windows\system32\kernel32.dll
0x000007fefd820000 - 0x000007fefd88b000 	C:\Windows\system32\KERNELBASE.dll
0x000007fefdf40000 - 0x000007fefe01b000 	C:\Windows\system32\ADVAPI32.dll
0x000007fefdc20000 - 0x000007fefdcbf000 	C:\Windows\system32\msvcrt.dll
0x000007fefe2f0000 - 0x000007fefe30f000 	C:\Windows\SYSTEM32\sechost.dll
0x000007fefe610000 - 0x000007fefe73d000 	C:\Windows\system32\RPCRT4.dll
0x0000000077960000 - 0x0000000077a5a000 	C:\Windows\system32\USER32.dll
0x000007fefe280000 - 0x000007fefe2e7000 	C:\Windows\system32\GDI32.dll
0x000007fefe900000 - 0x000007fefe90e000 	C:\Windows\system32\LPK.dll
0x000007fefe1b0000 - 0x000007fefe27a000 	C:\Windows\system32\USP10.dll
0x000007fefd020000 - 0x000007fefd214000 	C:\Windows\WinSxS\amd64_microsoft.windows.common-controls_6595b64144ccf1df_6.0.7601.18837_none_fa3b1e3d17594757\COMCTL32.dll
0x000007fefdba0000 - 0x000007fefdc11000 	C:\Windows\system32\SHLWAPI.dll
0x000007fefe7f0000 - 0x000007fefe81e000 	C:\Windows\system32\IMM32.DLL
0x000007feffc00000 - 0x000007feffd09000 	C:\Windows\system32\MSCTF.dll
0x000000006a810000 - 0x000000006a8e2000 	D:\ProgramFiles\Java\jdk1.8.0_77\jre\bin\msvcr100.dll
0x0000000069850000 - 0x000000006a0e0000 	D:\ProgramFiles\Java\jdk1.8.0_77\jre\bin\server\jvm.dll
0x000007fefcfa0000 - 0x000007fefcfa9000 	C:\Windows\system32\WSOCK32.dll
0x000007fefe5c0000 - 0x000007fefe60d000 	C:\Windows\system32\WS2_32.dll
0x000007fefe740000 - 0x000007fefe748000 	C:\Windows\system32\NSI.dll
0x000007fef66b0000 - 0x000007fef66eb000 	C:\Windows\system32\WINMM.dll
0x000007fefc350000 - 0x000007fefc35c000 	C:\Windows\system32\VERSION.dll
0x0000000077c20000 - 0x0000000077c27000 	C:\Windows\system32\PSAPI.DLL
0x000000006a9b0000 - 0x000000006a9bf000 	D:\ProgramFiles\Java\jdk1.8.0_77\jre\bin\verify.dll
0x000000006a980000 - 0x000000006a9a9000 	D:\ProgramFiles\Java\jdk1.8.0_77\jre\bin\java.dll
0x000000006a7b0000 - 0x000000006a7c6000 	D:\ProgramFiles\Java\jdk1.8.0_77\jre\bin\zip.dll
0x000007fefee70000 - 0x000007feffbfa000 	C:\Windows\system32\SHELL32.dll
0x000007fefe3b0000 - 0x000007fefe5b3000 	C:\Windows\system32\ole32.dll
0x000007fefd7e0000 - 0x000007fefd7ef000 	C:\Windows\system32\profapi.dll
0x000000006a790000 - 0x000000006a7aa000 	D:\ProgramFiles\Java\jdk1.8.0_77\jre\bin\net.dll
0x000007fefccb0000 - 0x000007fefcd05000 	C:\Windows\system32\mswsock.dll
0x000007fefcd10000 - 0x000007fefcd17000 	C:\Windows\System32\wship6.dll
0x000000006a770000 - 0x000000006a781000 	D:\ProgramFiles\Java\jdk1.8.0_77\jre\bin\nio.dll
0x000007fee73b0000 - 0x000007fee73c2000 	C:\Users\Tom\.gradle\native\19\windows-amd64\native-platform.dll
0x000007fefa670000 - 0x000007fefa697000 	C:\Windows\system32\IPHLPAPI.DLL
0x000007fefa660000 - 0x000007fefa66b000 	C:\Windows\system32\WINNSI.DLL
0x000007fefa480000 - 0x000007fefa498000 	C:\Windows\system32\dhcpcsvc.DLL
0x000007fefa450000 - 0x000007fefa461000 	C:\Windows\system32\dhcpcsvc6.DLL
0x000007fefcf30000 - 0x000007fefcf48000 	C:\Windows\system32\CRYPTSP.dll
0x000007fefca00000 - 0x000007fefca47000 	C:\Windows\system32\rsaenh.dll
0x000007fefd8e0000 - 0x000007fefd8fe000 	C:\Windows\system32\USERENV.dll
0x000007fefd680000 - 0x000007fefd68f000 	C:\Windows\system32\CRYPTBASE.dll
0x000007fefd620000 - 0x000007fefd677000 	C:\Windows\system32\apphelp.dll
0x0000000071480000 - 0x000000007148d000 	D:\ProgramFiles\Java\jdk1.8.0_77\jre\bin\management.dll
0x000000006f8d0000 - 0x000000006f8f4000 	D:\ProgramFiles\Java\jdk1.8.0_77\jre\bin\sunec.dll
0x000007fefc180000 - 0x000007fefc187000 	C:\Windows\System32\wshtcpip.dll
0x000007fefcb20000 - 0x000007fefcb7b000 	C:\Windows\system32\DNSAPI.dll
0x000007fef8d80000 - 0x000007fef8daf000 	C:\Program Files\Common Files\Microsoft Shared\Windows Live\WLIDNSP.DLL
0x000007fef89e0000 - 0x000007fef89e8000 	C:\Windows\system32\rasadhlp.dll
0x000007fefa4a0000 - 0x000007fefa4f3000 	C:\Windows\System32\fwpuclnt.dll
0x000007fefa8f0000 - 0x000007fefa905000 	C:\Windows\system32\NLAapi.dll
0x000007fef8e70000 - 0x000007fef8e85000 	C:\Windows\system32\napinsp.dll
0x000007fef8e20000 - 0x000007fef8e39000 	C:\Windows\system32\pnrpnsp.dll
0x000007fef8db0000 - 0x000007fef8dbb000 	C:\Windows\System32\winrnr.dll
0x000007fef8ab0000 - 0x000007fef8ac0000 	C:\Windows\system32\wshbth.dll
0x000007fed1050000 - 0x000007fed1175000 	C:\Windows\system32\dbghelp.dll

VM Arguments:
jvm_args: -XX:MaxPermSize=256m -XX:+HeapDumpOnOutOfMemoryError -Xmx1024m -Dfile.encoding=windows-1252 -Duser.country=US -Duser.language=en -Duser.variant 
java_command: org.gradle.launcher.daemon.bootstrap.GradleDaemon 2.10
java_class_path (initial): C:\Users\Tom\.gradle\wrapper\dists\gradle-2.10-all\a4w5fzrkeut1ox71xslb49gst\gradle-2.10\lib\gradle-launcher-2.10.jar
Launcher Type: SUN_STANDARD

Environment Variables:
JAVA_HOME=D:\ProgramFiles\Java\jdk1.8.0_77
USERNAME=Tom
OS=Windows_NT
PROCESSOR_IDENTIFIER=Intel64 Family 6 Model 42 Stepping 7, GenuineIntel



---------------  S Y S T E M  ---------------

OS: Windows 7 , 64 bit Build 7601 (6.1.7601.19135)

CPU:total 8 (4 cores per cpu, 2 threads per core) family 6 model 42 stepping 7, cmov, cx8, fxsr, mmx, sse, sse2, sse3, ssse3, sse4.1, sse4.2, popcnt, avx, aes, clmul, ht, tsc, tscinvbit

Memory: 4k page, physical 33458292k(18900980k free), swap 66914748k(48752976k free)

vm_info: Java HotSpot(TM) 64-Bit Server VM (25.77-b03) for windows-amd64 JRE (1.8.0_77-b03), built on Mar 20 2016 22:01:33 by "java_re" with MS VC++ 10.0 (VS2010)

time: Mon Apr 18 01:01:49 2016
elapsed time: 15894 seconds (0d 4h 24m 54s)

