#
# A fatal error has been detected by the Java Runtime Environment:
#
#  EXCEPTION_ACCESS_VIOLATION (0xc0000005) at pc=0x000000006edb6df8, pid=14216, tid=8016
#
# JRE version: Java(TM) SE Runtime Environment (7.0_79-b15) (build 1.7.0_79-b15)
# Java VM: Java HotSpot(TM) 64-Bit Server VM (24.79-b02 mixed mode windows-amd64 compressed oops)
# Problematic frame:
# V  [jvm.dll+0x116df8]
#
# Failed to write core dump. Minidumps are not enabled by default on client versions of Windows
#
# If you would like to submit a bug report, please visit:
#   http://bugreport.java.com/bugreport/crash.jsp
#

---------------  T H R E A D  ---------------

Current thread (0x0000000002154000):  GCTaskThread [stack: 0x0000000005e60000,0x0000000005f60000] [id=8016]

siginfo: ExceptionCode=0xc0000005, reading address 0xffffffffffffffff

Registers:
RAX=0x00000000065e0000, RBX=0x0000000000006d48, RCX=0x0000000000000000, RDX=0x0000000000000000
RSP=0x0000000005f5f4e0, RBP=0x00000000021c6440, RSI=0x00000000c71ab4e8, RDI=0x0000000000001000
R8 =0x007fffffffa29008, R9 =0x00000000021c6440, R10=0x0000000000006d4b, R11=0x00000000c71aabd0
R12=0x00000000c71ab4fc, R13=0x0000000000000011, R14=0x00000000c71ab4a8, R15=0x0000000000000011
RIP=0x000000006edb6df8, EFLAGS=0x0000000000010246

Top of Stack: (sp=0x0000000005f5f4e0)
0x0000000005f5f4e0:   0000000009776a98 000000006ed904eb
0x0000000005f5f4f0:   00000000bb325410 00000000c71aa86c
0x0000000005f5f500:   00000000021c6440 000000006edb70fd
0x0000000005f5f510:   0000000000000000 0000000002154650
0x0000000005f5f520:   000000000214ec30 00000000c71ab4a8
0x0000000005f5f530:   0000000000006d48 000000006f03b1dc
0x0000000005f5f540:   00000000021c6440 0000000000000003
0x0000000005f5f550:   000000006f2680c0 000000006f2680c0
0x0000000005f5f560:   00000000ec7c9f60 0000000000000008
0x0000000005f5f570:   00000000c936db18 000000006edb6e81
0x0000000005f5f580:   0000000009776b00 00004eef00000e2d
0x0000000005f5f590:   0000000002154000 000000000214ec30
0x0000000005f5f5a0:   0000000002154660 0000000002154650
0x0000000005f5f5b0:   000000006f2680c0 0000000000000003
0x0000000005f5f5c0:   000000000bb17520 0000000000000000
0x0000000005f5f5d0:   00000000021c6440 000000006f038b4e 

Instructions: (pc=0x000000006edb6df8)
0x000000006edb6dd8:   05 33 91 64 00 49 c1 e8 03 49 d3 e8 41 0f b6 c0
0x000000006edb6de8:   49 c1 e8 06 24 3f 0f b6 d0 48 8b 05 48 91 64 00
0x000000006edb6df8:   4a 8b 0c c0 48 0f a3 d1 72 3e 48 8b cf e8 b6 c5
0x000000006edb6e08:   fb ff 84 c0 74 32 48 8b d7 48 8b cd e8 37 c1 fb 


Register to memory mapping:

RAX=0x00000000065e0000 is an unknown value
RBX=0x0000000000006d48 is an unknown value
RCX=0x0000000000000000 is an unknown value
RDX=0x0000000000000000 is an unknown value
RSP=0x0000000005f5f4e0 is an unknown value
RBP=0x00000000021c6440 is an unknown value
RSI=0x00000000c71ab4e8 is pointing into object: 0x00000000c71ab4a8
[Lcom.android.dx.dex.code.CodeAddress; 
 - klass: 'com/android/dx/dex/code/CodeAddress'[]
 - length: 17
RDI=0x0000000000001000 is an unknown value
R8 =0x007fffffffa29008 is an unknown value
R9 =0x00000000021c6440 is an unknown value
R10=0x0000000000006d4b is an unknown value
R11=0x00000000c71aabd0 is an oop
com.android.dx.dex.code.CodeAddress 
 - klass: 'com/android/dx/dex/code/CodeAddress'
R12=0x00000000c71ab4fc is pointing into object: 0x00000000c71ab4a8
[Lcom.android.dx.dex.code.CodeAddress; 
 - klass: 'com/android/dx/dex/code/CodeAddress'[]
 - length: 17
R13=0x0000000000000011 is an unknown value
R14=0x00000000c71ab4a8 is an oop
[Lcom.android.dx.dex.code.CodeAddress; 
 - klass: 'com/android/dx/dex/code/CodeAddress'[]
 - length: 17
R15=0x0000000000000011 is an unknown value


Stack: [0x0000000005e60000,0x0000000005f60000],  sp=0x0000000005f5f4e0,  free space=1021k
Native frames: (J=compiled Java code, j=interpreted, Vv=VM code, C=native code)
V  [jvm.dll+0x116df8]


---------------  P R O C E S S  ---------------

Java Threads: ( => current thread )
  0x000000000d5ce800 JavaThread "pool-1-thread-1" [_thread_blocked, id=15024, stack(0x000000000fe20000,0x000000000ff20000)]
  0x000000000b836000 JavaThread "pool-2-thread-4" [_thread_blocked, id=16240, stack(0x000000000cbd0000,0x000000000ccd0000)]
  0x000000000b878800 JavaThread "pool-2-thread-3" [_thread_blocked, id=9052, stack(0x000000000ca40000,0x000000000cb40000)]
  0x0000000009ecd800 JavaThread "pool-2-thread-2" [_thread_blocked, id=12476, stack(0x000000000c790000,0x000000000c890000)]
  0x000000000b875000 JavaThread "pool-3-thread-1" [_thread_blocked, id=3292, stack(0x000000000c450000,0x000000000c550000)]
  0x000000000b874000 JavaThread "pool-2-thread-1" [_thread_blocked, id=15836, stack(0x000000000c5a0000,0x000000000c6a0000)]
  0x0000000009c45800 JavaThread "Service Thread" daemon [_thread_blocked, id=2864, stack(0x000000000b560000,0x000000000b660000)]
  0x0000000009c27000 JavaThread "C2 CompilerThread1" daemon [_thread_blocked, id=16168, stack(0x000000000b230000,0x000000000b330000)]
  0x0000000008c9d800 JavaThread "C2 CompilerThread0" daemon [_thread_blocked, id=2520, stack(0x000000000b390000,0x000000000b490000)]
  0x0000000008c9c000 JavaThread "Attach Listener" daemon [_thread_blocked, id=15780, stack(0x000000000afd0000,0x000000000b0d0000)]
  0x0000000008c9b000 JavaThread "Signal Dispatcher" daemon [_thread_blocked, id=14764, stack(0x000000000b130000,0x000000000b230000)]
  0x0000000008c82000 JavaThread "Finalizer" daemon [_thread_blocked, id=13892, stack(0x000000000aea0000,0x000000000afa0000)]
  0x00000000021c9000 JavaThread "Reference Handler" daemon [_thread_blocked, id=12528, stack(0x000000000ab70000,0x000000000ac70000)]
  0x00000000021df800 JavaThread "main" [_thread_blocked, id=7564, stack(0x00000000021f0000,0x00000000022f0000)]

Other Threads:
  0x0000000009be3800 VMThread [stack: 0x000000000ad00000,0x000000000ae00000] [id=7572]
  0x0000000009c59000 WatcherThread [stack: 0x000000000b710000,0x000000000b810000] [id=15852]

=>0x0000000002154000 (exited) GCTaskThread [stack: 0x0000000005e60000,0x0000000005f60000] [id=8016]

VM state:at safepoint (normal execution)

VM Mutex/Monitor currently owned by a thread:  ([mutex/lock_event])
[0x00000000021dd220] Threads_lock - owner thread: 0x0000000009be3800
[0x00000000021dd720] Heap_lock - owner thread: 0x00000000021df800

Heap
 PSYoungGen      total 232448K, used 117248K [0x00000000eaa80000, 0x00000000fff00000, 0x0000000100000000)
  eden space 117248K, 100% used [0x00000000eaa80000,0x00000000f1d00000,0x00000000f1d00000)
  from space 115200K, 0% used [0x00000000f8e80000,0x00000000f8e80000,0x00000000fff00000)
  to   space 115712K, 0% used [0x00000000f1d00000,0x00000000f1d00000,0x00000000f8e00000)
 ParOldGen       total 698880K, used 698843K [0x00000000c0000000, 0x00000000eaa80000, 0x00000000eaa80000)
  object space 698880K, 99% used [0x00000000c0000000,0x00000000eaa76f78,0x00000000eaa80000)
 PSPermGen       total 21504K, used 6419K [0x00000000bae00000, 0x00000000bc300000, 0x00000000c0000000)
  object space 21504K, 29% used [0x00000000bae00000,0x00000000bb444cd8,0x00000000bc300000)

Card table byte_map: [0x00000000054e0000,0x0000000005710000] byte_map_base: 0x0000000004f09000

Polling page: 0x0000000000230000

Code Cache  [0x0000000002420000, 0x0000000002900000, 0x0000000005420000)
 total_blobs=1697 nmethods=1460 adapters=189 free_code_cache=44325Kb largest_free_block=45265600

Compilation events (10 events):
Event: 34.271 Thread 0x0000000009c27000 nmethod 1498 0x00000000024cf9d0 code [0x00000000024cfb20, 0x00000000024cfd58]
Event: 34.273 Thread 0x0000000008c9d800 nmethod 1500 0x0000000002524d50 code [0x0000000002524e80, 0x0000000002525018]
Event: 35.645 Thread 0x0000000009c27000 1501             com.android.dx.rop.cst.CstType::<init> (46 bytes)
Event: 35.645 Thread 0x0000000009c27000 nmethod 1501 0x00000000028d6550 code [0x00000000028d6680, 0x00000000028d6718]
Event: 36.222 Thread 0x0000000008c9d800 1502             com.android.dx.rop.cst.StdConstantPool::size (6 bytes)
Event: 36.222 Thread 0x0000000009c27000 1503             com.android.dx.cf.direct.DirectClassFile::getFields (9 bytes)
Event: 36.222 Thread 0x0000000008c9d800 nmethod 1502 0x00000000028d5010 code [0x00000000028d5140, 0x00000000028d5198]
Event: 36.222 Thread 0x0000000009c27000 nmethod 1503 0x0000000002676e90 code [0x0000000002676fc0, 0x0000000002677038]
Event: 36.225 Thread 0x0000000009c27000 1504             java.util.HashMap$KeySet::iterator (8 bytes)
Event: 36.229 Thread 0x0000000009c27000 nmethod 1504 0x0000000002524790 code [0x00000000025248e0, 0x0000000002524b38]

GC Heap History (10 events):
Event: 43.810 GC heap after
Heap after GC invocations=67 (full 33):
 PSYoungGen      total 232448K, used 113716K [0x00000000eaa80000, 0x00000000fff00000, 0x0000000100000000)
  eden space 117248K, 96% used [0x00000000eaa80000,0x00000000f198d268,0x00000000f1d00000)
  from space 115200K, 0% used [0x00000000f8e80000,0x00000000f8e80000,0x00000000fff00000)
  to   space 115712K, 0% used [0x00000000f1d00000,0x00000000f1d00000,0x00000000f8e00000)
 ParOldGen       total 698880K, used 698843K [0x00000000c0000000, 0x00000000eaa80000, 0x00000000eaa80000)
  object space 698880K, 99% used [0x00000000c0000000,0x00000000eaa76f78,0x00000000eaa80000)
 PSPermGen       total 21504K, used 6419K [0x00000000bae00000, 0x00000000bc300000, 0x00000000c0000000)
  object space 21504K, 29% used [0x00000000bae00000,0x00000000bb444cd8,0x00000000bc300000)
}
Event: 43.812 GC heap before
{Heap before GC invocations=68 (full 34):
 PSYoungGen      total 232448K, used 117248K [0x00000000eaa80000, 0x00000000fff00000, 0x0000000100000000)
  eden space 117248K, 100% used [0x00000000eaa80000,0x00000000f1d00000,0x00000000f1d00000)
  from space 115200K, 0% used [0x00000000f8e80000,0x00000000f8e80000,0x00000000fff00000)
  to   space 115712K, 0% used [0x00000000f1d00000,0x00000000f1d00000,0x00000000f8e00000)
 ParOldGen       total 698880K, used 698843K [0x00000000c0000000, 0x00000000eaa80000, 0x00000000eaa80000)
  object space 698880K, 99% used [0x00000000c0000000,0x00000000eaa76f78,0x00000000eaa80000)
 PSPermGen       total 21504K, used 6419K [0x00000000bae00000, 0x00000000bc300000, 0x00000000c0000000)
  object space 21504K, 29% used [0x00000000bae00000,0x00000000bb444cd8,0x00000000bc300000)
Event: 44.446 GC heap after
Heap after GC invocations=68 (full 34):
 PSYoungGen      total 232448K, used 114293K [0x00000000eaa80000, 0x00000000fff00000, 0x0000000100000000)
  eden space 117248K, 97% used [0x00000000eaa80000,0x00000000f1a1d788,0x00000000f1d00000)
  from space 115200K, 0% used [0x00000000f8e80000,0x00000000f8e80000,0x00000000fff00000)
  to   space 115712K, 0% used [0x00000000f1d00000,0x00000000f1d00000,0x00000000f8e00000)
 ParOldGen       total 698880K, used 698843K [0x00000000c0000000, 0x00000000eaa80000, 0x00000000eaa80000)
  object space 698880K, 99% used [0x00000000c0000000,0x00000000eaa76f78,0x00000000eaa80000)
 PSPermGen       total 21504K, used 6419K [0x00000000bae00000, 0x00000000bc300000, 0x00000000c0000000)
  object space 21504K, 29% used [0x00000000bae00000,0x00000000bb444cd8,0x00000000bc300000)
}
Event: 44.448 GC heap before
{Heap before GC invocations=69 (full 35):
 PSYoungGen      total 232448K, used 117248K [0x00000000eaa80000, 0x00000000fff00000, 0x0000000100000000)
  eden space 117248K, 100% used [0x00000000eaa80000,0x00000000f1d00000,0x00000000f1d00000)
  from space 115200K, 0% used [0x00000000f8e80000,0x00000000f8e80000,0x00000000fff00000)
  to   space 115712K, 0% used [0x00000000f1d00000,0x00000000f1d00000,0x00000000f8e00000)
 ParOldGen       total 698880K, used 698843K [0x00000000c0000000, 0x00000000eaa80000, 0x00000000eaa80000)
  object space 698880K, 99% used [0x00000000c0000000,0x00000000eaa76f78,0x00000000eaa80000)
 PSPermGen       total 21504K, used 6419K [0x00000000bae00000, 0x00000000bc300000, 0x00000000c0000000)
  object space 21504K, 29% used [0x00000000bae00000,0x00000000bb444cd8,0x00000000bc300000)
Event: 45.094 GC heap after
Heap after GC invocations=69 (full 35):
 PSYoungGen      total 232448K, used 114745K [0x00000000eaa80000, 0x00000000fff00000, 0x0000000100000000)
  eden space 117248K, 97% used [0x00000000eaa80000,0x00000000f1a8e588,0x00000000f1d00000)
  from space 115200K, 0% used [0x00000000f8e80000,0x00000000f8e80000,0x00000000fff00000)
  to   space 115712K, 0% used [0x00000000f1d00000,0x00000000f1d00000,0x00000000f8e00000)
 ParOldGen       total 698880K, used 698843K [0x00000000c0000000, 0x00000000eaa80000, 0x00000000eaa80000)
  object space 698880K, 99% used [0x00000000c0000000,0x00000000eaa76f78,0x00000000eaa80000)
 PSPermGen       total 21504K, used 6419K [0x00000000bae00000, 0x00000000bc300000, 0x00000000c0000000)
  object space 21504K, 29% used [0x00000000bae00000,0x00000000bb444cd8,0x00000000bc300000)
}
Event: 45.095 GC heap before
{Heap before GC invocations=70 (full 36):
 PSYoungGen      total 232448K, used 117248K [0x00000000eaa80000, 0x00000000fff00000, 0x0000000100000000)
  eden space 117248K, 100% used [0x00000000eaa80000,0x00000000f1d00000,0x00000000f1d00000)
  from space 115200K, 0% used [0x00000000f8e80000,0x00000000f8e80000,0x00000000fff00000)
  to   space 115712K, 0% used [0x00000000f1d00000,0x00000000f1d00000,0x00000000f8e00000)
 ParOldGen       total 698880K, used 698843K [0x00000000c0000000, 0x00000000eaa80000, 0x00000000eaa80000)
  object space 698880K, 99% used [0x00000000c0000000,0x00000000eaa76f78,0x00000000eaa80000)
 PSPermGen       total 21504K, used 6419K [0x00000000bae00000, 0x00000000bc300000, 0x00000000c0000000)
  object space 21504K, 29% used [0x00000000bae00000,0x00000000bb444cd8,0x00000000bc300000)
Event: 45.722 GC heap after
Heap after GC invocations=70 (full 36):
 PSYoungGen      total 232448K, used 115037K [0x00000000eaa80000, 0x00000000fff00000, 0x0000000100000000)
  eden space 117248K, 98% used [0x00000000eaa80000,0x00000000f1ad7458,0x00000000f1d00000)
  from space 115200K, 0% used [0x00000000f8e80000,0x00000000f8e80000,0x00000000fff00000)
  to   space 115712K, 0% used [0x00000000f1d00000,0x00000000f1d00000,0x00000000f8e00000)
 ParOldGen       total 698880K, used 698843K [0x00000000c0000000, 0x00000000eaa80000, 0x00000000eaa80000)
  object space 698880K, 99% used [0x00000000c0000000,0x00000000eaa76f78,0x00000000eaa80000)
 PSPermGen       total 21504K, used 6419K [0x00000000bae00000, 0x00000000bc300000, 0x00000000c0000000)
  object space 21504K, 29% used [0x00000000bae00000,0x00000000bb444cd8,0x00000000bc300000)
}
Event: 45.724 GC heap before
{Heap before GC invocations=71 (full 37):
 PSYoungGen      total 232448K, used 117248K [0x00000000eaa80000, 0x00000000fff00000, 0x0000000100000000)
  eden space 117248K, 100% used [0x00000000eaa80000,0x00000000f1d00000,0x00000000f1d00000)
  from space 115200K, 0% used [0x00000000f8e80000,0x00000000f8e80000,0x00000000fff00000)
  to   space 115712K, 0% used [0x00000000f1d00000,0x00000000f1d00000,0x00000000f8e00000)
 ParOldGen       total 698880K, used 698843K [0x00000000c0000000, 0x00000000eaa80000, 0x00000000eaa80000)
  object space 698880K, 99% used [0x00000000c0000000,0x00000000eaa76f78,0x00000000eaa80000)
 PSPermGen       total 21504K, used 6419K [0x00000000bae00000, 0x00000000bc300000, 0x00000000c0000000)
  object space 21504K, 29% used [0x00000000bae00000,0x00000000bb444cd8,0x00000000bc300000)
Event: 46.310 GC heap after
Heap after GC invocations=71 (full 37):
 PSYoungGen      total 232448K, used 115427K [0x00000000eaa80000, 0x00000000fff00000, 0x0000000100000000)
  eden space 117248K, 98% used [0x00000000eaa80000,0x00000000f1b38d68,0x00000000f1d00000)
  from space 115200K, 0% used [0x00000000f8e80000,0x00000000f8e80000,0x00000000fff00000)
  to   space 115712K, 0% used [0x00000000f1d00000,0x00000000f1d00000,0x00000000f8e00000)
 ParOldGen       total 698880K, used 698843K [0x00000000c0000000, 0x00000000eaa80000, 0x00000000eaa80000)
  object space 698880K, 99% used [0x00000000c0000000,0x00000000eaa76f78,0x00000000eaa80000)
 PSPermGen       total 21504K, used 6419K [0x00000000bae00000, 0x00000000bc300000, 0x00000000c0000000)
  object space 21504K, 29% used [0x00000000bae00000,0x00000000bb444cd8,0x00000000bc300000)
}
Event: 46.312 GC heap before
{Heap before GC invocations=72 (full 38):
 PSYoungGen      total 232448K, used 117248K [0x00000000eaa80000, 0x00000000fff00000, 0x0000000100000000)
  eden space 117248K, 100% used [0x00000000eaa80000,0x00000000f1d00000,0x00000000f1d00000)
  from space 115200K, 0% used [0x00000000f8e80000,0x00000000f8e80000,0x00000000fff00000)
  to   space 115712K, 0% used [0x00000000f1d00000,0x00000000f1d00000,0x00000000f8e00000)
 ParOldGen       total 698880K, used 698843K [0x00000000c0000000, 0x00000000eaa80000, 0x00000000eaa80000)
  object space 698880K, 99% used [0x00000000c0000000,0x00000000eaa76f78,0x00000000eaa80000)
 PSPermGen       total 21504K, used 6419K [0x00000000bae00000, 0x00000000bc300000, 0x00000000c0000000)
  object space 21504K, 29% used [0x00000000bae00000,0x00000000bb444cd8,0x00000000bc300000)

Deoptimization events (10 events):
Event: 24.576 Thread 0x000000000d5ce800 Uncommon trap: reason=class_check action=maybe_recompile pc=0x00000000028c1724 method=java.util.Collections.sort(Ljava/util/List;)V @ 37
Event: 24.576 Thread 0x000000000d5ce800 Uncommon trap: reason=class_check action=maybe_recompile pc=0x00000000028bd25c method=java.util.ComparableTimSort.countRunAndMakeAscending([Ljava/lang/Object;II)I @ 36
Event: 24.576 Thread 0x000000000d5ce800 Uncommon trap: reason=class_check action=maybe_recompile pc=0x0000000002856c4c method=java.util.ComparableTimSort.binarySort([Ljava/lang/Object;III)V @ 40
Event: 24.576 Thread 0x000000000d5ce800 Uncommon trap: reason=class_check action=maybe_recompile pc=0x0000000002856c4c method=java.util.ComparableTimSort.binarySort([Ljava/lang/Object;III)V @ 40
Event: 24.576 Thread 0x000000000d5ce800 Uncommon trap: reason=class_check action=maybe_recompile pc=0x0000000002856c4c method=java.util.ComparableTimSort.binarySort([Ljava/lang/Object;III)V @ 40
Event: 27.220 Thread 0x00000000021df800 Uncommon trap: reason=bimorphic action=maybe_recompile pc=0x00000000028052d4 method=com.android.dx.cf.code.BytecodeArray.parseInstruction(ILcom/android/dx/cf/code/BytecodeArray$Visitor;)I @ 891
Event: 27.220 Thread 0x00000000021df800 Uncommon trap: reason=bimorphic action=maybe_recompile pc=0x00000000028052d4 method=com.android.dx.cf.code.BytecodeArray.parseInstruction(ILcom/android/dx/cf/code/BytecodeArray$Visitor;)I @ 891
Event: 30.769 Thread 0x000000000d5ce800 Uncommon trap: reason=unreached action=reinterpret pc=0x0000000002796d90 method=com.android.dx.dex.file.DexFile.internIfAppropriate(Lcom/android/dx/rop/cst/Constant;)V @ 70
Event: 30.801 Thread 0x000000000d5ce800 Uncommon trap: reason=unreached action=reinterpret pc=0x00000000028c8b34 method=com.android.dx.dex.code.OutputFinisher.addConstants(Ljava/util/HashSet;Lcom/android/dx/rop/code/RegisterSpec;)V @ 32
Event: 32.969 Thread 0x000000000d5ce800 Uncommon trap: reason=unreached action=reinterpret pc=0x00000000028d1e84 method=com.android.dx.dex.code.OutputFinisher.addConstants(Ljava/util/HashSet;Lcom/android/dx/rop/code/RegisterSpec;)V @ 32

Internal exceptions (10 events):
Event: 4.697 Thread 0x00000000021df800 Implicit null exception at 0x00000000025b8041 to 0x00000000025b8295
Event: 4.699 Thread 0x00000000021df800 Implicit null exception at 0x0000000002581918 to 0x0000000002581a15
Event: 5.265 Thread 0x00000000021df800 Threw 0x00000000ee8f05a0 at C:\re\jdk7u79\2331\hotspot\src\share\vm\prims\jvm.cpp:1304
Event: 5.267 Thread 0x00000000021df800 Implicit null exception at 0x0000000002497e47 to 0x0000000002498945
Event: 5.819 Thread 0x000000000b836000 Implicit null exception at 0x0000000002601b09 to 0x0000000002602be1
Event: 8.461 Thread 0x0000000009ecd800 Threw 0x00000000f0190d48 at C:\re\jdk7u79\2331\hotspot\src\share\vm\prims\jvm.cpp:1304
Event: 8.466 Thread 0x0000000009ecd800 Threw 0x00000000f05f0bd8 at C:\re\jdk7u79\2331\hotspot\src\share\vm\prims\jvm.cpp:1304
Event: 20.195 Thread 0x00000000021df800 Threw 0x00000000eca8df68 at C:\re\jdk7u79\2331\hotspot\src\share\vm\prims\jvm.cpp:1304
Event: 20.218 Thread 0x000000000d5ce800 Threw 0x00000000ecb35c40 at C:\re\jdk7u79\2331\hotspot\src\share\vm\prims\jvm.cpp:1304
Event: 30.769 Thread 0x000000000d5ce800 Threw 0x00000000eef6fd48 at C:\re\jdk7u79\2331\hotspot\src\share\vm\prims\jvm.cpp:1304

Events (10 events):
Event: 43.810 Executing VM operation: ParallelGCFailedAllocation done
Event: 43.812 Executing VM operation: ParallelGCFailedAllocation
Event: 44.446 Executing VM operation: ParallelGCFailedAllocation done
Event: 44.447 Executing VM operation: ParallelGCFailedAllocation
Event: 45.094 Executing VM operation: ParallelGCFailedAllocation done
Event: 45.095 Executing VM operation: ParallelGCFailedAllocation
Event: 45.723 Executing VM operation: ParallelGCFailedAllocation done
Event: 45.724 Executing VM operation: ParallelGCFailedAllocation
Event: 46.311 Executing VM operation: ParallelGCFailedAllocation done
Event: 46.312 Executing VM operation: ParallelGCFailedAllocation


Dynamic libraries:
0x000000013f3d0000 - 0x000000013f403000 	C:\Program Files\Java\jdk1.7.0_79\bin\java.exe
0x0000000077550000 - 0x00000000776fa000 	C:\Windows\SYSTEM32\ntdll.dll
0x0000000077430000 - 0x000000007754f000 	C:\Windows\system32\kernel32.dll
0x000007fefd620000 - 0x000007fefd68b000 	C:\Windows\system32\KERNELBASE.dll
0x000007fefdea0000 - 0x000007fefdf7b000 	C:\Windows\system32\ADVAPI32.dll
0x000007fefdb40000 - 0x000007fefdbdf000 	C:\Windows\system32\msvcrt.dll
0x000007fefd690000 - 0x000007fefd6af000 	C:\Windows\SYSTEM32\sechost.dll
0x000007fefe640000 - 0x000007fefe76d000 	C:\Windows\system32\RPCRT4.dll
0x0000000077330000 - 0x000000007742a000 	C:\Windows\system32\USER32.dll
0x000007fefe890000 - 0x000007fefe8f7000 	C:\Windows\system32\GDI32.dll
0x000007fefdc80000 - 0x000007fefdc8e000 	C:\Windows\system32\LPK.dll
0x000007fefe900000 - 0x000007fefe9ca000 	C:\Windows\system32\USP10.dll
0x000007fefcb30000 - 0x000007fefcd24000 	C:\Windows\WinSxS\amd64_microsoft.windows.common-controls_6595b64144ccf1df_6.0.7601.18837_none_fa3b1e3d17594757\COMCTL32.dll
0x000007fefdac0000 - 0x000007fefdb31000 	C:\Windows\system32\SHLWAPI.dll
0x000007fefe770000 - 0x000007fefe79e000 	C:\Windows\system32\IMM32.DLL
0x000007fefd9b0000 - 0x000007fefdab9000 	C:\Windows\system32\MSCTF.dll
0x0000000079030000 - 0x0000000079102000 	C:\Program Files\Java\jdk1.7.0_79\jre\bin\msvcr100.dll
0x000000006eca0000 - 0x000000006f475000 	C:\Program Files\Java\jdk1.7.0_79\jre\bin\server\jvm.dll
0x000007fefa240000 - 0x000007fefa249000 	C:\Windows\system32\WSOCK32.dll
0x000007fefd6b0000 - 0x000007fefd6fd000 	C:\Windows\system32\WS2_32.dll
0x000007fefe7a0000 - 0x000007fefe7a8000 	C:\Windows\system32\NSI.dll
0x000007fef68b0000 - 0x000007fef68eb000 	C:\Windows\system32\WINMM.dll
0x0000000077710000 - 0x0000000077717000 	C:\Windows\system32\PSAPI.DLL
0x0000000071480000 - 0x000000007148f000 	C:\Program Files\Java\jdk1.7.0_79\jre\bin\verify.dll
0x00000000706d0000 - 0x00000000706f8000 	C:\Program Files\Java\jdk1.7.0_79\jre\bin\java.dll
0x0000000070650000 - 0x0000000070665000 	C:\Program Files\Java\jdk1.7.0_79\jre\bin\zip.dll
0x0000000070630000 - 0x000000007064a000 	C:\Program Files\Java\jdk1.7.0_79\jre\bin\net.dll
0x000007fefc7b0000 - 0x000007fefc805000 	C:\Windows\system32\mswsock.dll
0x000007fefc7a0000 - 0x000007fefc7a7000 	C:\Windows\System32\wship6.dll
0x0000000070430000 - 0x0000000070441000 	C:\Program Files\Java\jdk1.7.0_79\jre\bin\nio.dll
0x000007fed24b0000 - 0x000007fed25d5000 	C:\Windows\system32\dbghelp.dll

VM Arguments:
jvm_args: -Djava.awt.headless=true -Xmx1024M -Dfile.encoding=windows-1252 -Duser.country=US -Duser.language=en -Duser.variant 
java_command: com.android.dx.command.Main --dex --num-threads=4 --multi-dex --main-dex-list D:\git\csci7799\gcs\client\HelloEndpointsProject\HelloEndpoints\build\intermediates\multi-dex\pcpFlavor\debug\maindexlist.txt --output D:\git\csci7799\gcs\client\HelloEndpointsProject\HelloEndpoints\build\intermediates\transforms\dex\pcpFlavor\debug\folders\1000\1f\main D:\git\csci7799\gcs\client\HelloEndpointsProject\HelloEndpoints\build\intermediates\transforms\jarMerging\pcpFlavor\debug\jars\1\1f\combined.jar
Launcher Type: SUN_STANDARD

Environment Variables:
JAVA_HOME=C:\Program Files\Java\jdk1.7.0_79
PATH=C:\ProgramData\Oracle\Java\javapath;D:\lib\cuda\toolkit\bin;D:\lib\cuda\toolkit\libnvvp;C:\Program Files (x86)\Python 3.5\Scripts\;C:\Program Files (x86)\Python 3.5\;C:\Python27\;C:\Python27\Scripts;C:\Program Files\CollabNet\Subversion Client;C:\Program Files\Common Files\Microsoft Shared\Windows Live;C:\Program Files (x86)\Common Files\Microsoft Shared\Windows Live;C:\Program Files (x86)\AMD APP\bin\x86_64;C:\Program Files (x86)\AMD APP\bin\x86;C:\Windows\system32;C:\Windows;C:\Windows\System32\Wbem;C:\Windows\System32\WindowsPowerShell\v1.0\;C:\Program Files (x86)\Intel\Services\IPT\;C:\Program Files (x86)\ATI Technologies\ATI.ACE\Core-Static;C:\Program Files\Java\jdk1.7.0_01\bin\java.exe;C:\Program Files (x86)\Microsoft SQL Server\100\Tools\Binn\;C:\Program Files\Microsoft SQL Server\100\Tools\Binn\;C:\Program Files\Microsoft SQL Server\100\DTS\Binn\;C:\Program Files (x86)\Windows Live\Shared;C:\Program Files\ActivIdentity\ActivClient\;C:\Program Files (x86)\ActivIdentity\ActivClient\;C:\Program Files (x86)\Microsoft SQL Server\100\Tools\Binn\VSShell\Common7\IDE\;C:\Program Files (x86)\;C:\Program Files (x86)\Bitvise SSH Client;C:\Program Files\TortoiseSVN\bin;C:\Program Files\TortoiseGit\bin;C:\Program Files (x86)\NVIDIA Corporation\PhysX\Common;C:\Program Files (x86)\AMD\ATI.ACE\Core-Static;C:\Program Files (x86)\Microsoft SQL Server\100\DTS\Binn\;C:\Program Files (x86)\Microsoft Visual Studio 9.0\Common7\IDE\PrivateAssemblies\;C:\Program Files\Git\cmd;C:\Program Files\Git\mingw64\bin;C:\Program Files\Git\usr\bin;C:\Program Files (x86)\CMake\bin;C:\Program Files (x86)\Google\Cloud SDK\google-cloud-sdk\bin;C:\Program Files\Java\jdk1.7.0_79;D:\ProgramFiles\apache-maven-3.2.2\bin;C:\Python27;C:\Program Files (x86)\Java\jre7\bin;C:\Program Files (x86)\Seagull;C:\Program Files (x86)\Google\google_appengine\;C:\Program Files (x86)\CMake\bin\
USERNAME=Tom
OS=Windows_NT
PROCESSOR_IDENTIFIER=Intel64 Family 6 Model 42 Stepping 7, GenuineIntel



---------------  S Y S T E M  ---------------

OS: Windows 7 , 64 bit Build 7601 Service Pack 1

CPU:total 8 (4 cores per cpu, 2 threads per core) family 6 model 42 stepping 7, cmov, cx8, fxsr, mmx, sse, sse2, sse3, ssse3, sse4.1, sse4.2, popcnt, avx, aes, ht, tsc, tscinvbit

Memory: 4k page, physical 33458292k(15598748k free), swap 66914748k(43747032k free)

vm_info: Java HotSpot(TM) 64-Bit Server VM (24.79-b02) for windows-amd64 JRE (1.7.0_79-b15), built on Apr 10 2015 12:36:16 by "java_re" with unknown MS VC++:1600

time: Mon Apr 04 16:32:33 2016
elapsed time: 46 seconds

